<?xml version="1.0" encoding="UTF-8"?>
<testng-results skipped="0" failed="0" ignored="0" total="1" passed="1">
  <reporter-output>
  </reporter-output>
  <suite name="Default suite" duration-ms="47240" started-at="2020-04-13T11:46:27 IST" finished-at="2020-04-13T11:47:14 IST">
    <groups>
    </groups>
    <test name="Default test" duration-ms="47240" started-at="2020-04-13T11:46:27 IST" finished-at="2020-04-13T11:47:14 IST">
      <class name="Runner.PlaceOrderRunner">
        <test-method status="PASS" signature="setUP()[pri:0, instance:Runner.PlaceOrderRunner@bd8db5a]" name="setUP" is-config="true" duration-ms="398" started-at="2020-04-13T11:46:27 IST" finished-at="2020-04-13T11:46:27 IST">
          <reporter-output>
          </reporter-output>
        </test-method> <!-- setUP -->
        <test-method status="PASS" signature="login(cucumber.api.testng.CucumberFeatureWrapper)[pri:0, instance:Runner.PlaceOrderRunner@bd8db5a]" name="login" duration-ms="46541" started-at="2020-04-13T11:46:28 IST" description="placeorder" data-provider="features" finished-at="2020-04-13T11:47:14 IST">
          <params>
            <param index="0">
              <value>
                <![CDATA[To place the order]]>
              </value>
            </param>
          </params>
          <reporter-output>
          </reporter-output>
        </test-method> <!-- login -->
        <test-method status="PASS" signature="tearDown()[pri:0, instance:Runner.PlaceOrderRunner@bd8db5a]" name="tearDown" is-config="true" duration-ms="68" started-at="2020-04-13T11:47:14 IST" finished-at="2020-04-13T11:47:14 IST">
          <reporter-output>
          </reporter-output>
        </test-method> <!-- tearDown -->
      </class> <!-- Runner.PlaceOrderRunner -->
    </test> <!-- Default test -->
  </suite> <!-- Default suite -->
</testng-results>
